<?xml version="1.0" encoding="UTF-8"?>
<!-- Generated by org.testng.reporters.JUnitReportReporter -->
<testsuite hostname="Amits-MacBook-Air.local" failures="0" tests="1" name="sampletest.GoogleTest" time="4.280" errors="0" timestamp="17 Feb 2020 22:24:39 GMT" skipped="0">
  <testcase classname="sampletest.GoogleTest" name="googleTest" time="4.280"/>
</testsuite> <!-- sampletest.GoogleTest -->
